/*C1*/SET SCHEMA SYSTEM_LOBS
INSERT INTO BLOCKS VALUES(0,2147483647,0)
COMMIT
/*C2*/SET SCHEMA PUBLIC
\u000d\u000a    create table user_profile (\u000d\u000a        id bigint generated by default as identity (start with 1),\u000d\u000a        age integer not null,\u000d\u000a        caste varchar(255),\u000d\u000a        city varchar(255),\u000d\u000a        email varchar(255),\u000d\u000a        gender varchar(255),\u000d\u000a        name varchar(255),\u000d\u000a        phone varchar(255),\u000d\u000a        religion varchar(255),\u000d\u000a        primary key (id)\u000d\u000a    )
DISCONNECT
/*C3*/SET SCHEMA PUBLIC
DISCONNECT
/*C4*/SET SCHEMA PUBLIC
DISCONNECT
/*C5*/SET SCHEMA PUBLIC
DISCONNECT
/*C6*/SET SCHEMA PUBLIC
DISCONNECT
/*C7*/SET SCHEMA PUBLIC
DISCONNECT
/*C8*/SET SCHEMA PUBLIC
DISCONNECT
/*C9*/SET SCHEMA PUBLIC
DISCONNECT
/*C10*/SET SCHEMA PUBLIC
DISCONNECT
/*C11*/SET SCHEMA PUBLIC
DISCONNECT
